<?xml version="1.0" encoding="UTF-8"?>
<!-- Generated by org.testng.reporters.JUnitXMLReporter -->
<testsuite ignored="0" hostname="LAPTOP-AJOTTULQ" failures="0" tests="8" name="Chrome" time="135.438" errors="0" timestamp="2022-06-25T18:36:54 IST">
  <testcase classname="org.selenium.pom.tests.MyFirstTestCase" name="onewayTest" time="25.864"/>
  <testcase classname="org.selenium.pom.tests.MyFirstTestCase" name="returnTest" time="32.202"/>
  <testcase classname="org.selenium.pom.tests.MyFirstTestCase" name="returnTest" time="24.208"/>
  <testcase classname="org.selenium.pom.tests.MyFirstTestCase" name="onewayTest" time="49.35"/>
  <testcase classname="org.selenium.pom.tests.MyFirstTestCase" name="returnTest" time="21.762"/>
  <testcase classname="org.selenium.pom.tests.MyFirstTestCase" name="onewayTest" time="18.596"/>
  <testcase classname="org.selenium.pom.tests.MyFirstTestCase" name="returnTest" time="21.227"/>
  <testcase classname="org.selenium.pom.tests.MyFirstTestCase" name="onewayTest" time="16.833"/>
</testsuite> <!-- Chrome -->
