<?xml version="1.0" encoding="UTF-8"?>
<testsuite xmlns:xsi="http://www.w3.org/2001/XMLSchema-instance" xsi:noNamespaceSchemaLocation="https://maven.apache.org/surefire/maven-surefire-plugin/xsd/surefire-test-report-3.0.xsd" version="3.0" name="TestSuite" time="166.588" tests="2" errors="0" skipped="0" failures="0">
  <properties>
[...]
</properties>
  <testcase name="onewayDirectCompleteSanityTest[org.selenium.pom.objects.OnewayDirectDataObject@5bf142e6](1)" classname="org.selenium.pom.tests.OnewayDirectTestCase" time="78.254">
    <system-out><![CDATA[log4j: reset attribute= "false".
log4j: Threshold ="null".
log4j: Level value for root is  [debug].
log4j: root level set to DEBUG
log4j: Class name: [org.apache.log4j.ConsoleAppender]
log4j: Setting property [target] to [System.out].
log4j: Parsing layout of class: "org.apache.log4j.PatternLayout"
log4j: Setting property [conversionPattern] to [%d{yyyy-MM-dd HH:mm:ss} %-5p %c{1}:%L - %m%n].
log4j: Adding appender named [console] to category [root].
log4j: Class name: [org.apache.log4j.RollingFileAppender]
log4j: Setting property [file] to [Logs/log4j.log].
log4j: Parsing layout of class: "org.apache.log4j.PatternLayout"
log4j: Setting property [conversionPattern] to [%d{yyyy-MM-dd HH:mm:ss} %-5p %c{1}:%L - %m%n].
log4j: setFile called: Logs/log4j.log, true
log4j: setFile ended
log4j: Adding appender named [fileAppender] to category [root].
2023-03-02 12:12:19 INFO  Log:20 - this is before method
CURRENT THREAD18,Driver = ChromeDriver: chrome on WINDOWS (91bfb65b494c078882cea4c505e8518b)
2023-03-02 12:12:24 INFO  Log:20 - checking by URL the home page loaded or not........
2023-03-02 12:12:26 INFO  Log:20 - Home page is loaded successfully
2023-03-02 12:12:26 INFO  Log:20 - login by using login method and reading the value from properties file 
2023-03-02 12:12:26 INFO  Log:20 - Trying to Enter UserName
2023-03-02 12:12:26 INFO  Log:20 - Entered UserName As amit.kumar@technogramsolutions.com
2023-03-02 12:12:26 INFO  Log:20 - Trying to Enter Password
2023-03-02 12:12:26 INFO  Log:20 - Entered Password As 123456
2023-03-02 12:12:26 INFO  Log:20 - clicking on Login Button...................
2023-03-02 12:12:26 INFO  Log:20 - clicked on Login Button and get back to the Dashboard Page
2023-03-02 12:12:26 INFO  Log:20 - checking by url is dashboard page is loaded or not-----------
2023-03-02 12:12:28 INFO  Log:20 - Searching user as:-599963
2023-03-02 12:12:30 INFO  Log:20 - get the user as :-599963
2023-03-02 12:12:30 INFO  Log:20 - clicking on search button of user......
2023-03-02 12:12:30 INFO  Log:20 - clicked on search button of manage user form and get the user details on the dashboard page
2023-03-02 12:12:30 INFO  Log:20 - emulating user...............
2023-03-02 12:12:31 INFO  Log:20 - emulated user...............
2023-03-02 12:12:36 INFO  Log:20 - trying to enter source
2023-03-02 12:12:36 INFO  Log:20 - clicking on source input fields-----------
2023-03-02 12:12:36 INFO  Log:20 - clicked on source input fields-----------
2023-03-02 12:12:36 INFO  Log:20 - Entering the data source as:- del on source input fields-----------
2023-03-02 12:12:36 INFO  Log:20 - Entered the data source as:- del on source input fields-----------
2023-03-02 12:12:37 INFO  Log:20 - clicked  on Enter----------
2023-03-02 12:12:37 INFO  Log:20 - trying to enter destination
2023-03-02 12:12:37 INFO  Log:20 - clicking on destination input fields-----------
2023-03-02 12:12:37 INFO  Log:20 - clicked on destination input fields-----------
2023-03-02 12:12:37 INFO  Log:20 - Entering the data destination as:- blr on destination input fields-----------
2023-03-02 12:12:37 INFO  Log:20 - Entered the data destination as:- blr on destination input fields-----------
2023-03-02 12:12:38 INFO  Log:20 - clicked on Enter Button-----------
2023-03-02 12:12:38 INFO  Log:20 - trying to select departure Date
2023-03-02 12:12:38 INFO  Log:20 - clicking on departure Date Calendar
2023-03-02 12:12:38 INFO  Log:20 - clicked on departure Date Calendar
2023-03-02 12:12:39 INFO  Log:20 - have select the date as:-15-August 2023
2023-03-02 12:12:39 INFO  Log:20 - Trying to select preferred Airlines
2023-03-02 12:12:39 INFO  Log:20 - clicking on preferred Airlines field
2023-03-02 12:12:39 INFO  Log:20 - clicked on preferred Airlines field
2023-03-02 12:12:39 INFO  Log:20 - have selected preferred Airlines As:-6eAirline
2023-03-02 12:12:40 INFO  Log:20 - click on Enter Button
2023-03-02 12:12:40 INFO  Log:20 - trying to select pax
2023-03-02 12:12:40 INFO  Log:20 - clicking on the select pax
2023-03-02 12:12:40 INFO  Log:20 - clicked on the select pax field
2023-03-02 12:12:41 INFO  Log:20 - have selected number of Adults is:-1Adults
2023-03-02 12:12:41 INFO  Log:20 - have selected number of Child is:-1Child
2023-03-02 12:12:41 INFO  Log:20 - have selected number of Infants is:-1Infants
2023-03-02 12:12:41 INFO  Log:20 - The number of pax have selected is:-1Adults,1Child,1Infants
2023-03-02 12:12:41 INFO  Log:20 - clicking on Search Button of flight search page
2023-03-02 12:12:42 INFO  Log:20 - clicked on Search Button of flight search page
2023-03-02 12:12:48 INFO  Log:20 - getting current url..............
2023-03-02 12:12:48 INFO  Log:20 - have received current url as:-https://qa.technogramsolutions.com/flight/list/?from=DEL&to=BLR&dep=2023-08-15&ADT=1&CHD=1&INF=1&pClass=Economy&tripType=0&prefAirCode=6E&pft=REGULAR
2023-03-02 12:12:48 INFO  Log:20 - adding source id in current url
2023-03-02 12:12:48 INFO  Log:20 - have added source id in current url as:-&sId=5
2023-03-02 12:12:48 INFO  Log:20 - now current new url is :-https://qa.technogramsolutions.com/flight/list/?from=DEL&to=BLR&dep=2023-08-15&ADT=1&CHD=1&INF=1&pClass=Economy&tripType=0&prefAirCode=6E&pft=REGULAR&sId=5
2023-03-02 12:13:03 INFO  Log:20 - clicking on stop count 0 .............
2023-03-02 12:13:03 INFO  Log:20 - clicked on stop count 0 ............
2023-03-02 12:13:09 INFO  Log:20 - clicking on book button..........
2023-03-02 12:13:09 INFO  Log:20 - clicked on book button..........
2023-03-02 12:13:21 INFO  Log:20 - trying to click on add passenger button.......
2023-03-02 12:13:27 INFO  Log:20 - clicked on add passenger button.......
2023-03-02 12:13:27 INFO  Log:20 - clicking on expand button of pax input fields
2023-03-02 12:13:28 INFO  Log:20 - clicked on expand button of pax input fields
2023-03-02 12:13:28 INFO  Log:20 - clicking on expand button of pax input fields
2023-03-02 12:13:28 INFO  Log:20 - clicked on expand button of pax input fields
2023-03-02 12:13:28 INFO  Log:20 - clicking on the title drop box for the first Adult.............
2023-03-02 12:13:29 INFO  Log:20 - clicked on the title drop box for the first Adult and now trying to select the title as Mr
2023-03-02 12:13:29 INFO  Log:20 - in drop down Trying to select the first Adult title As:-Mr
2023-03-02 12:13:29 INFO  Log:20 - have successfully selected the first Adult title as:-Mr
2023-03-02 12:13:29 INFO  Log:20 - trying to enter Adult1 first name.....As:-Soni
2023-03-02 12:13:29 INFO  Log:20 - successfully entered Adult1 first name.....As:-Soni
2023-03-02 12:13:29 INFO  Log:20 - trying to enter Adult1 last name.....As:-mishra
2023-03-02 12:13:29 INFO  Log:20 - successfully entered Adult1 last name.....As:-mishra
2023-03-02 12:13:29 INFO  Log:20 - clicking on the title drop box for the first child.............
2023-03-02 12:13:30 INFO  Log:20 - clicked on the title drop box for the first Child and now trying to select the title as Master
2023-03-02 12:13:30 INFO  Log:20 - in dropdown Trying to select the first child title As:-Master
2023-03-02 12:13:30 INFO  Log:20 - have successfully selected the first child title as:-Master
2023-03-02 12:13:30 INFO  Log:20 - trying to enter child1 first name.....As:-Moni
2023-03-02 12:13:30 INFO  Log:20 - successfully entered child1 first name ....As:-Moni
2023-03-02 12:13:30 INFO  Log:20 - trying to enter child1 last name.....As:-Singh
2023-03-02 12:13:31 INFO  Log:20 - successfully entered child1 last name ....As:-Singh
2023-03-02 12:13:31 INFO  Log:20 - clicking on the title drop box for the first Infant.............
2023-03-02 12:13:31 INFO  Log:20 - clicked on the title drop box for the first Infant and now trying to select the title as Ms
2023-03-02 12:13:31 INFO  Log:20 - in dropdown Trying to select the first Infant title As:-Ms
2023-03-02 12:13:31 INFO  Log:20 - have successfully selected the first Infant title as:-Ms
2023-03-02 12:13:31 INFO  Log:20 - trying to enter infant1 first name.....As:-Toni
2023-03-02 12:13:32 INFO  Log:20 - successfully entered infant1 first name ....As:-Toni
2023-03-02 12:13:32 INFO  Log:20 - trying to enter infant1 last name.....As:-Gupta
2023-03-02 12:13:32 INFO  Log:20 - successfully entered  infant1 last name.....As:-Gupta
2023-03-02 12:13:32 INFO  Log:20 - trying to enter mobile number As:-9848370141
2023-03-02 12:13:32 INFO  Log:20 - successfully entered mobile number as:-9848370141
2023-03-02 12:13:32 INFO  Log:20 - trying to enter infant1 dob as:-14/12/2021
2023-03-02 12:13:33 INFO  Log:20 - successfully entered the infant1 dob as:-14/12/2021
2023-03-02 12:13:33 INFO  Log:20 - trying to enter email id as:-amit96873@gmail.com
2023-03-02 12:13:33 INFO  Log:20 - successfully entered email id as:- amit96873@gmail.com
2023-03-02 12:13:33 INFO  Log:20 - clicking on skip button of protect group...
2023-03-02 12:13:33 INFO  Log:20 - have clicked on skip protect group btn
2023-03-02 12:13:33 INFO  Log:20 - trying to click on proceed button.............
2023-03-02 12:13:34 INFO  Log:20 - successfully clicked on proceed button and get in to the Terms and condition page
2023-03-02 12:13:34 INFO  Log:20 - clicking on proceed to pay button.........
2023-03-02 12:13:34 INFO  Log:20 - clicked on proceed to pay button and get in to the Payment page
2023-03-02 12:13:34 INFO  Log:20 - trying to click on pay now button.........
2023-03-02 12:13:35 INFO  Log:20 - successfully clicked on pay now button.........
2023-03-02 12:13:35 INFO  Log:20 - trying to click on confirm pay now button.........
2023-03-02 12:13:36 INFO  Log:20 - successfully clicked on confirm pay now button and get in to the booking summery page.........
2023-03-02 12:13:42 INFO  Log:20 - getting the booking status of the Booking summery page
2023-03-02 12:13:42 INFO  Log:20 - got the status As Success
]]></system-out>
    <system-err><![CDATA[SLF4J: Failed to load class "org.slf4j.impl.StaticLoggerBinder".
SLF4J: Defaulting to no-operation (NOP) logger implementation
SLF4J: See http://www.slf4j.org/codes.html#StaticLoggerBinder for further details.
Starting ChromeDriver 110.0.5481.77 (65ed616c6e8ee3fe0ad64fe83796c020644d42af-refs/branch-heads/5481@{#839}) on port 52481
Only local connections are allowed.
Please see https://chromedriver.chromium.org/security-considerations for suggestions on keeping ChromeDriver safe.
ChromeDriver was started successfully.
[1677739343.253][WARNING]: virtual void DevToolsClientImpl::AddListener(DevToolsEventListener *) subscribing a listener to the already connected DevToolsClient. Connection notification will not arrive.
Mar 02, 2023 12:12:23 PM org.openqa.selenium.remote.ProtocolHandshake createSession
INFO: Detected dialect: W3C
Mar 02, 2023 12:12:23 PM org.openqa.selenium.devtools.CdpVersionFinder findNearestMatch
WARNING: Unable to find an exact match for CDP version 110, so returning the closest version found: a no-op implementation
Mar 02, 2023 12:12:23 PM org.openqa.selenium.devtools.CdpVersionFinder findNearestMatch
INFO: Unable to find CDP implementation matching 110.
Mar 02, 2023 12:12:23 PM org.openqa.selenium.chromium.ChromiumDriver lambda$new$3
WARNING: Unable to find version of CDP to use for . You may need to include a dependency on a specific version of the CDP using something similar to `org.seleniumhq.selenium:selenium-devtools-v86:4.0.0` where the version ("v86") matches the version of the chromium-based browser you're using and the version number of the artifact is the same as Selenium's.
]]></system-err>
  </testcase>
  <testcase name="onewayDirectCompleteSanityTest[org.selenium.pom.objects.OnewayDirectDataObject@1eac1c05](2)" classname="org.selenium.pom.tests.OnewayDirectTestCase" time="78.022">
    <system-out><![CDATA[CURRENT THREAD18,Driver = ChromeDriver: chrome on WINDOWS (91bfb65b494c078882cea4c505e8518b)
log4j: System property is :null
log4j: Standard DocumentBuilderFactory search succeded.
log4j: DocumentBuilderFactory is: com.sun.org.apache.xerces.internal.jaxp.DocumentBuilderFactoryImpl
log4j: debug attribute= "true".
log4j: reset attribute= "false".
log4j: Threshold ="null".
log4j: Level value for root is  [debug].
log4j: root level set to DEBUG
log4j: Class name: [org.apache.log4j.ConsoleAppender]
log4j: Setting property [target] to [System.out].
log4j: Parsing layout of class: "org.apache.log4j.PatternLayout"
log4j: Setting property [conversionPattern] to [%d{yyyy-MM-dd HH:mm:ss} %-5p %c{1}:%L - %m%n].
log4j: Adding appender named [console] to category [root].
log4j: Class name: [org.apache.log4j.RollingFileAppender]
log4j: Setting property [file] to [Logs/log4j.log].
log4j: Parsing layout of class: "org.apache.log4j.PatternLayout"
log4j: Setting property [conversionPattern] to [%d{yyyy-MM-dd HH:mm:ss} %-5p %c{1}:%L - %m%n].
log4j: setFile called: Logs/log4j.log, true
log4j: setFile ended
log4j: Adding appender named [fileAppender] to category [root].
2023-03-02 12:13:43 INFO  Log:20 - this is before method
CURRENT THREAD18,Driver = ChromeDriver: chrome on WINDOWS (503729e98fbb12a14a2ba1f374b78bd0)
2023-03-02 12:13:44 INFO  Log:20 - checking by URL the home page loaded or not........
2023-03-02 12:13:46 INFO  Log:20 - Home page is loaded successfully
2023-03-02 12:13:46 INFO  Log:20 - login by using login method and reading the value from properties file 
2023-03-02 12:13:46 INFO  Log:20 - Trying to Enter UserName
2023-03-02 12:13:46 INFO  Log:20 - Entered UserName As amit.kumar@technogramsolutions.com
2023-03-02 12:13:46 INFO  Log:20 - Trying to Enter Password
2023-03-02 12:13:46 INFO  Log:20 - Entered Password As 123456
2023-03-02 12:13:46 INFO  Log:20 - clicking on Login Button...................
2023-03-02 12:13:46 INFO  Log:20 - clicked on Login Button and get back to the Dashboard Page
2023-03-02 12:13:46 INFO  Log:20 - checking by url is dashboard page is loaded or not-----------
2023-03-02 12:13:48 INFO  Log:20 - Searching user as:-599963
2023-03-02 12:13:50 INFO  Log:20 - get the user as :-599963
2023-03-02 12:13:50 INFO  Log:20 - clicking on search button of user......
2023-03-02 12:13:50 INFO  Log:20 - clicked on search button of manage user form and get the user details on the dashboard page
2023-03-02 12:13:50 INFO  Log:20 - emulating user...............
2023-03-02 12:13:51 INFO  Log:20 - emulated user...............
2023-03-02 12:13:56 INFO  Log:20 - trying to enter source
2023-03-02 12:13:56 INFO  Log:20 - clicking on source input fields-----------
2023-03-02 12:13:56 INFO  Log:20 - clicked on source input fields-----------
2023-03-02 12:13:56 INFO  Log:20 - Entering the data source as:- del on source input fields-----------
2023-03-02 12:13:56 INFO  Log:20 - Entered the data source as:- del on source input fields-----------
2023-03-02 12:13:57 INFO  Log:20 - clicked  on Enter----------
2023-03-02 12:13:57 INFO  Log:20 - trying to enter destination
2023-03-02 12:13:57 INFO  Log:20 - clicking on destination input fields-----------
2023-03-02 12:13:57 INFO  Log:20 - clicked on destination input fields-----------
2023-03-02 12:13:57 INFO  Log:20 - Entering the data destination as:- GOI on destination input fields-----------
2023-03-02 12:13:57 INFO  Log:20 - Entered the data destination as:- GOI on destination input fields-----------
2023-03-02 12:13:58 INFO  Log:20 - clicked on Enter Button-----------
2023-03-02 12:13:58 INFO  Log:20 - trying to select departure Date
2023-03-02 12:13:58 INFO  Log:20 - clicking on departure Date Calendar
2023-03-02 12:13:58 INFO  Log:20 - clicked on departure Date Calendar
2023-03-02 12:13:59 INFO  Log:20 - have select the date as:-11-August 2023
2023-03-02 12:13:59 INFO  Log:20 - Trying to select preferred Airlines
2023-03-02 12:13:59 INFO  Log:20 - clicking on preferred Airlines field
2023-03-02 12:13:59 INFO  Log:20 - clicked on preferred Airlines field
2023-03-02 12:13:59 INFO  Log:20 - have selected preferred Airlines As:-6eAirline
2023-03-02 12:14:00 INFO  Log:20 - click on Enter Button
2023-03-02 12:14:00 INFO  Log:20 - trying to select pax
2023-03-02 12:14:00 INFO  Log:20 - clicking on the select pax
2023-03-02 12:14:00 INFO  Log:20 - clicked on the select pax field
2023-03-02 12:14:01 INFO  Log:20 - have selected number of Adults is:-1Adults
2023-03-02 12:14:01 INFO  Log:20 - have selected number of Child is:-1Child
2023-03-02 12:14:01 INFO  Log:20 - have selected number of Infants is:-1Infants
2023-03-02 12:14:01 INFO  Log:20 - The number of pax have selected is:-1Adults,1Child,1Infants
2023-03-02 12:14:01 INFO  Log:20 - clicking on Search Button of flight search page
2023-03-02 12:14:01 INFO  Log:20 - clicked on Search Button of flight search page
2023-03-02 12:14:07 INFO  Log:20 - getting current url..............
2023-03-02 12:14:07 INFO  Log:20 - have received current url as:-https://qa.technogramsolutions.com/flight/list/?from=DEL&to=GOI&dep=2023-08-11&ADT=1&CHD=1&INF=1&pClass=Economy&tripType=0&prefAirCode=6E&pft=REGULAR
2023-03-02 12:14:07 INFO  Log:20 - adding source id in current url
2023-03-02 12:14:07 INFO  Log:20 - have added source id in current url as:-&sId=5
2023-03-02 12:14:07 INFO  Log:20 - now current new url is :-https://qa.technogramsolutions.com/flight/list/?from=DEL&to=GOI&dep=2023-08-11&ADT=1&CHD=1&INF=1&pClass=Economy&tripType=0&prefAirCode=6E&pft=REGULAR&sId=5
2023-03-02 12:14:22 INFO  Log:20 - clicking on stop count 0 .............
2023-03-02 12:14:23 INFO  Log:20 - clicked on stop count 0 ............
2023-03-02 12:14:29 INFO  Log:20 - clicking on book button..........
2023-03-02 12:14:29 INFO  Log:20 - clicked on book button..........
2023-03-02 12:14:41 INFO  Log:20 - trying to click on add passenger button.......
2023-03-02 12:14:47 INFO  Log:20 - clicked on add passenger button.......
2023-03-02 12:14:47 INFO  Log:20 - clicking on expand button of pax input fields
2023-03-02 12:14:48 INFO  Log:20 - clicked on expand button of pax input fields
2023-03-02 12:14:48 INFO  Log:20 - clicking on expand button of pax input fields
2023-03-02 12:14:48 INFO  Log:20 - clicked on expand button of pax input fields
2023-03-02 12:14:48 INFO  Log:20 - clicking on the title drop box for the first Adult.............
2023-03-02 12:14:48 INFO  Log:20 - clicked on the title drop box for the first Adult and now trying to select the title as Mr
2023-03-02 12:14:48 INFO  Log:20 - in drop down Trying to select the first Adult title As:-Mr
2023-03-02 12:14:48 INFO  Log:20 - have successfully selected the first Adult title as:-Mr
2023-03-02 12:14:48 INFO  Log:20 - trying to enter Adult1 first name.....As:-Boni
2023-03-02 12:14:49 INFO  Log:20 - successfully entered Adult1 first name.....As:-Boni
2023-03-02 12:14:49 INFO  Log:20 - trying to enter Adult1 last name.....As:-mishra
2023-03-02 12:14:49 INFO  Log:20 - successfully entered Adult1 last name.....As:-mishra
2023-03-02 12:14:49 INFO  Log:20 - clicking on the title drop box for the first child.............
2023-03-02 12:14:49 INFO  Log:20 - clicked on the title drop box for the first Child and now trying to select the title as Master
2023-03-02 12:14:49 INFO  Log:20 - in dropdown Trying to select the first child title As:-Master
2023-03-02 12:14:50 INFO  Log:20 - have successfully selected the first child title as:-Master
2023-03-02 12:14:50 INFO  Log:20 - trying to enter child1 first name.....As:-Dhoni
2023-03-02 12:14:50 INFO  Log:20 - successfully entered child1 first name ....As:-Dhoni
2023-03-02 12:14:50 INFO  Log:20 - trying to enter child1 last name.....As:-Singh
2023-03-02 12:14:50 INFO  Log:20 - successfully entered child1 last name ....As:-Singh
2023-03-02 12:14:50 INFO  Log:20 - clicking on the title drop box for the first Infant.............
2023-03-02 12:14:51 INFO  Log:20 - clicked on the title drop box for the first Infant and now trying to select the title as Ms
2023-03-02 12:14:51 INFO  Log:20 - in dropdown Trying to select the first Infant title As:-Ms
2023-03-02 12:14:51 INFO  Log:20 - have successfully selected the first Infant title as:-Ms
2023-03-02 12:14:51 INFO  Log:20 - trying to enter infant1 first name.....As:-loni
2023-03-02 12:14:51 INFO  Log:20 - successfully entered infant1 first name ....As:-loni
2023-03-02 12:14:51 INFO  Log:20 - trying to enter infant1 last name.....As:-Panday
2023-03-02 12:14:52 INFO  Log:20 - successfully entered  infant1 last name.....As:-Panday
2023-03-02 12:14:52 INFO  Log:20 - trying to enter mobile number As:-9848370141
2023-03-02 12:14:52 INFO  Log:20 - successfully entered mobile number as:-9848370141
2023-03-02 12:14:52 INFO  Log:20 - trying to enter infant1 dob as:-14/12/2021
2023-03-02 12:14:52 INFO  Log:20 - successfully entered the infant1 dob as:-14/12/2021
2023-03-02 12:14:52 INFO  Log:20 - trying to enter email id as:-amit96873@gmail.com
2023-03-02 12:14:53 INFO  Log:20 - successfully entered email id as:- amit96873@gmail.com
2023-03-02 12:14:53 INFO  Log:20 - clicking on skip button of protect group...
2023-03-02 12:14:53 INFO  Log:20 - have clicked on skip protect group btn
2023-03-02 12:14:53 INFO  Log:20 - trying to click on proceed button.............
2023-03-02 12:14:54 INFO  Log:20 - successfully clicked on proceed button and get in to the Terms and condition page
2023-03-02 12:14:54 INFO  Log:20 - clicking on proceed to pay button.........
2023-03-02 12:14:54 INFO  Log:20 - clicked on proceed to pay button and get in to the Payment page
2023-03-02 12:14:54 INFO  Log:20 - trying to click on pay now button.........
2023-03-02 12:14:55 INFO  Log:20 - successfully clicked on pay now button.........
2023-03-02 12:14:55 INFO  Log:20 - trying to click on confirm pay now button.........
2023-03-02 12:14:55 INFO  Log:20 - successfully clicked on confirm pay now button and get in to the booking summery page.........
2023-03-02 12:15:01 INFO  Log:20 - getting the booking status of the Booking summery page
2023-03-02 12:15:02 INFO  Log:20 - got the status As Success
]]></system-out>
    <system-err><![CDATA[Starting ChromeDriver 110.0.5481.77 (65ed616c6e8ee3fe0ad64fe83796c020644d42af-refs/branch-heads/5481@{#839}) on port 59094
Only local connections are allowed.
Please see https://chromedriver.chromium.org/security-considerations for suggestions on keeping ChromeDriver safe.
ChromeDriver was started successfully.
[1677739424.063][WARNING]: virtual void DevToolsClientImpl::AddListener(DevToolsEventListener *) subscribing a listener to the already connected DevToolsClient. Connection notification will not arrive.
Mar 02, 2023 12:13:44 PM org.openqa.selenium.remote.ProtocolHandshake createSession
INFO: Detected dialect: W3C
Mar 02, 2023 12:13:44 PM org.openqa.selenium.devtools.CdpVersionFinder findNearestMatch
WARNING: Unable to find an exact match for CDP version 110, so returning the closest version found: a no-op implementation
Mar 02, 2023 12:13:44 PM org.openqa.selenium.devtools.CdpVersionFinder findNearestMatch
INFO: Unable to find CDP implementation matching 110.
Mar 02, 2023 12:13:44 PM org.openqa.selenium.chromium.ChromiumDriver lambda$new$3
WARNING: Unable to find version of CDP to use for . You may need to include a dependency on a specific version of the CDP using something similar to `org.seleniumhq.selenium:selenium-devtools-v86:4.0.0` where the version ("v86") matches the version of the chromium-based browser you're using and the version number of the artifact is the same as Selenium's.
]]></system-err>
  </testcase>
</testsuite>