<?xml version="1.0" encoding="UTF-8"?>
<testng-results ignored="0" total="2" passed="2" failed="0" skipped="0">
  <reporter-output>
  </reporter-output>
  <suite started-at="2022-07-07T13:32:09 IST" name="Suite1" finished-at="2022-07-07T13:32:35 IST" duration-ms="26787">
    <groups>
    </groups>
    <test started-at="2022-07-07T13:32:09 IST" name="Chrome" finished-at="2022-07-07T13:32:35 IST" duration-ms="26787">
      <class name="org.selenium.pom.tests.MyFirstTestCase">
        <test-method is-config="true" signature="startDriver(java.lang.String)[pri:0, instance:org.selenium.pom.tests.MyFirstTestCase@1136b469]" started-at="2022-07-07T13:32:09 IST" name="startDriver" finished-at="2022-07-07T13:32:16 IST" duration-ms="6464" status="PASS">
          <params>
            <param index="0">
              <value>
                <![CDATA[CHROME]]>
              </value>
            </param>
          </params>
          <reporter-output>
          </reporter-output>
        </test-method> <!-- startDriver -->
        <test-method is-config="true" signature="startDriver(java.lang.String)[pri:0, instance:org.selenium.pom.tests.MyFirstTestCase@1136b469]" started-at="2022-07-07T13:32:09 IST" name="startDriver" finished-at="2022-07-07T13:32:16 IST" duration-ms="6360" status="PASS">
          <params>
            <param index="0">
              <value>
                <![CDATA[CHROME]]>
              </value>
            </param>
          </params>
          <reporter-output>
          </reporter-output>
        </test-method> <!-- startDriver -->
        <test-method signature="returnTest(org.selenium.pom.objects.FlightSearchPageDataObject)[pri:0, instance:org.selenium.pom.tests.MyFirstTestCase@1136b469]" started-at="2022-07-07T13:32:16 IST" name="returnTest" data-provider="getFeaturedAirSearchData" finished-at="2022-07-07T13:32:35 IST" duration-ms="19298" status="PASS">
          <params>
            <param index="0">
              <value>
                <![CDATA[org.selenium.pom.objects.FlightSearchPageDataObject@724226c0]]>
              </value>
            </param>
          </params>
          <reporter-output>
          </reporter-output>
        </test-method> <!-- returnTest -->
        <test-method signature="onewayTest(org.selenium.pom.objects.FlightSearchPageDataObject)[pri:0, instance:org.selenium.pom.tests.MyFirstTestCase@1136b469]" started-at="2022-07-07T13:32:16 IST" name="onewayTest" data-provider="getFeaturedAirSearchData" finished-at="2022-07-07T13:32:31 IST" duration-ms="15447" status="PASS">
          <params>
            <param index="0">
              <value>
                <![CDATA[org.selenium.pom.objects.FlightSearchPageDataObject@5676c50e]]>
              </value>
            </param>
          </params>
          <reporter-output>
          </reporter-output>
        </test-method> <!-- onewayTest -->
        <test-method is-config="true" signature="quitDriver(java.lang.String, org.testng.ITestResult)[pri:0, instance:org.selenium.pom.tests.MyFirstTestCase@1136b469]" started-at="2022-07-07T13:32:31 IST" name="quitDriver" finished-at="2022-07-07T13:32:32 IST" duration-ms="1143" status="PASS">
          <params>
            <param index="0">
              <value>
                <![CDATA[CHROME]]>
              </value>
            </param>
            <param index="1">
              <value>
                <![CDATA[[TestResult name=onewayTest status=SUCCESS method=MyFirstTestCase.onewayTest(org.selenium.pom.objects.FlightSearchPageDataObject)[pri:0, instance:org.selenium.pom.tests.MyFirstTestCase@1136b469] output={null}]]]>
              </value>
            </param>
          </params>
          <reporter-output>
          </reporter-output>
        </test-method> <!-- quitDriver -->
        <test-method is-config="true" signature="quitDriver(java.lang.String, org.testng.ITestResult)[pri:0, instance:org.selenium.pom.tests.MyFirstTestCase@1136b469]" started-at="2022-07-07T13:32:35 IST" name="quitDriver" finished-at="2022-07-07T13:32:35 IST" duration-ms="246" status="PASS">
          <params>
            <param index="0">
              <value>
                <![CDATA[CHROME]]>
              </value>
            </param>
            <param index="1">
              <value>
                <![CDATA[[TestResult name=returnTest status=SUCCESS method=MyFirstTestCase.returnTest(org.selenium.pom.objects.FlightSearchPageDataObject)[pri:0, instance:org.selenium.pom.tests.MyFirstTestCase@1136b469] output={null}]]]>
              </value>
            </param>
          </params>
          <reporter-output>
          </reporter-output>
        </test-method> <!-- quitDriver -->
      </class> <!-- org.selenium.pom.tests.MyFirstTestCase -->
    </test> <!-- Chrome -->
  </suite> <!-- Suite1 -->
</testng-results>
