<?xml version="1.0" encoding="UTF-8"?>
<testsuite xmlns:xsi="http://www.w3.org/2001/XMLSchema-instance" xsi:noNamespaceSchemaLocation="https://maven.apache.org/surefire/maven-surefire-plugin/xsd/surefire-test-report-3.0.xsd" version="3.0" name="TestSuite" time="28.698" tests="2" errors="0" skipped="0" failures="0">
  <properties>
[...]
</properties>
  <testcase name="onewayTest[org.selenium.pom.objects.FlightSearchPageDataObject@5676c50e](1)" classname="org.selenium.pom.tests.MyFirstTestCase" time="14.669">
    <system-out><![CDATA[log4j: reset attribute= "false".
log4j: Threshold ="null".
log4j: debug attribute= "true".
log4j: reset attribute= "false".
log4j: Threshold ="null".
log4j: Level value for root is  [debug].
log4j: root level set to DEBUG
log4j: Class name: [org.apache.log4j.ConsoleAppender]
log4j: Setting property [target] to [System.out].
log4j: Parsing layout of class: "org.apache.log4j.PatternLayout"
log4j: Setting property [conversionPattern] to [%d{yyyy-MM-dd HH:mm:ss} %-5p %c{1}:%L - %m%n].
log4j: Adding appender named [console] to category [root].
log4j: Class name: [org.apache.log4j.RollingFileAppender]
log4j: Setting property [file] to [Logs/log4j.log].
log4j: Parsing layout of class: "org.apache.log4j.PatternLayout"
log4j: Setting property [conversionPattern] to [%d{yyyy-MM-dd HH:mm:ss} %-5p %c{1}:%L - %m%n].
log4j: setFile called: Logs/log4j.log, true
log4j: setFile ended
log4j: Adding appender named [fileAppender] to category [root].
log4j: Level value for root is  [debug].
log4j: root level set to DEBUG
log4j: Class name: [org.apache.log4j.ConsoleAppender]
log4j: Setting property [target] to [System.out].
log4j: Parsing layout of class: "org.apache.log4j.PatternLayout"
log4j: Setting property [conversionPattern] to [%d{yyyy-MM-dd HH:mm:ss} %-5p %c{1}:%L - %m%n].
log4j: Adding appender named [console] to category [root].
log4j: Class name: [org.apache.log4j.RollingFileAppender]
log4j: Setting property [file] to [Logs/log4j.log].
log4j: Parsing layout of class: "org.apache.log4j.PatternLayout"
log4j: Setting property [conversionPattern] to [%d{yyyy-MM-dd HH:mm:ss} %-5p %c{1}:%L - %m%n].
log4j: setFile called: Logs/log4j.log, true
log4j: setFile ended
log4j: Adding appender named [fileAppender] to category [root].
2022-07-07 13:32:10 INFO  Log:20 - this is before method
2022-07-07 13:32:10 INFO  Log:20 - this is before method
CURRENT THREAD18,Driver = ChromeDriver: chrome on WINDOWS (41881c7114229f3dcf2c6802fec12243)
CURRENT THREAD19,Driver = ChromeDriver: chrome on WINDOWS (e662ef15c767dd62f70b603f3f63409c)
2022-07-07 13:32:16 INFO  Log:20 - checking by URL the home page loaded or not........
2022-07-07 13:32:16 INFO  Log:20 - checking by URL the home page loaded or not........
2022-07-07 13:32:17 INFO  Log:20 - Home page is loaded successfully
2022-07-07 13:32:17 INFO  Log:20 - login by using login method and reading the value from properties file 
2022-07-07 13:32:17 INFO  Log:20 - Trying to Enter UserName
2022-07-07 13:32:18 INFO  Log:20 - Home page is loaded successfully
2022-07-07 13:32:18 INFO  Log:20 - login by using login method and reading the value from properties file 
2022-07-07 13:32:18 INFO  Log:20 - Trying to Enter UserName
2022-07-07 13:32:18 INFO  Log:20 - Entered UserName As amit.kumar@technogramsolutions.com
2022-07-07 13:32:18 INFO  Log:20 - Trying to Enter Password
2022-07-07 13:32:19 INFO  Log:20 - Entered Password As amit@123
2022-07-07 13:32:19 INFO  Log:20 - clicking on Login Button...................
2022-07-07 13:32:19 INFO  Log:20 - clicked on Login Button and get back to the Dashboard Page
2022-07-07 13:32:19 INFO  Log:20 - checking by url is dashboard page is loaded or not-----------
2022-07-07 13:32:19 INFO  Log:20 - Entered UserName As amit.kumar@technogramsolutions.com
2022-07-07 13:32:19 INFO  Log:20 - Trying to Enter Password
2022-07-07 13:32:19 INFO  Log:20 - Entered Password As amit@123
2022-07-07 13:32:19 INFO  Log:20 - clicking on Login Button...................
2022-07-07 13:32:19 INFO  Log:20 - clicked on Login Button and get back to the Dashboard Page
2022-07-07 13:32:19 INFO  Log:20 - checking by url is dashboard page is loaded or not-----------
2022-07-07 13:32:21 INFO  Log:20 - clicking on flight Button-----------
2022-07-07 13:32:22 INFO  Log:20 - successfully clicked on flight Button-----------
2022-07-07 13:32:22 INFO  Log:20 - trying to enter source
2022-07-07 13:32:24 INFO  Log:20 - clicking on flight Button-----------
2022-07-07 13:32:24 INFO  Log:20 - clicking on source input fields-----------
2022-07-07 13:32:24 INFO  Log:20 - clicked on source input fields-----------
2022-07-07 13:32:24 INFO  Log:20 - Entering the data source as:- del on source input fields-----------
2022-07-07 13:32:24 INFO  Log:20 - Entered the data source as:- del on source input fields-----------
2022-07-07 13:32:25 INFO  Log:20 - successfully clicked on flight Button-----------
2022-07-07 13:32:25 INFO  Log:20 - clicked  on Enter----------
2022-07-07 13:32:25 INFO  Log:20 - trying to enter destination
2022-07-07 13:32:25 INFO  Log:20 - clicking on destination input fields-----------
2022-07-07 13:32:25 INFO  Log:20 - clicked on destination input fields-----------
2022-07-07 13:32:25 INFO  Log:20 - Entering the data destination as:- bom on destination input fields-----------
2022-07-07 13:32:26 INFO  Log:20 - Entered the data destination as:- bom on destination input fields-----------
2022-07-07 13:32:26 INFO  Log:20 - Clicking on RoundTrip Button
2022-07-07 13:32:26 INFO  Log:20 - clicked on Enter Button-----------
2022-07-07 13:32:26 INFO  Log:20 - trying to select departure Date
2022-07-07 13:32:26 INFO  Log:20 - clicking on departure Date Calendar
2022-07-07 13:32:27 INFO  Log:20 - clicked on departure Date Calendar
2022-07-07 13:32:27 INFO  Log:20 - Clicked on RoundTrip Button
2022-07-07 13:32:27 INFO  Log:20 - trying to enter source
2022-07-07 13:32:27 INFO  Log:20 - clicking on source input fields-----------
2022-07-07 13:32:27 INFO  Log:20 - clicked on source input fields-----------
2022-07-07 13:32:27 INFO  Log:20 - Entering the data source as:- del on source input fields-----------
2022-07-07 13:32:27 INFO  Log:20 - Entered the data source as:- del on source input fields-----------
2022-07-07 13:32:28 INFO  Log:20 - have select the date as:-25-August 2022
2022-07-07 13:32:28 INFO  Log:20 - Trying to select preferred Airlines
2022-07-07 13:32:28 INFO  Log:20 - clicking on preferred Airlines field
2022-07-07 13:32:28 INFO  Log:20 - clicked on preferred Airlines field
2022-07-07 13:32:28 INFO  Log:20 - have selected preferred Airlines As:-6eAirline
2022-07-07 13:32:28 INFO  Log:20 - clicked  on Enter----------
2022-07-07 13:32:28 INFO  Log:20 - trying to enter destination
2022-07-07 13:32:28 INFO  Log:20 - clicking on destination input fields-----------
2022-07-07 13:32:28 INFO  Log:20 - clicked on destination input fields-----------
2022-07-07 13:32:28 INFO  Log:20 - Entering the data destination as:- bom on destination input fields-----------
2022-07-07 13:32:28 INFO  Log:20 - Entered the data destination as:- bom on destination input fields-----------
2022-07-07 13:32:29 INFO  Log:20 - click on Enter Button
2022-07-07 13:32:29 INFO  Log:20 - trying to select pax
2022-07-07 13:32:29 INFO  Log:20 - clicking on the select pax
2022-07-07 13:32:29 INFO  Log:20 - clicked on the select pax field
2022-07-07 13:32:29 INFO  Log:20 - clicked on Enter Button-----------
2022-07-07 13:32:29 INFO  Log:20 - trying to select departure Date
2022-07-07 13:32:29 INFO  Log:20 - clicking on departure Date Calendar
2022-07-07 13:32:29 INFO  Log:20 - clicked on departure Date Calendar
2022-07-07 13:32:30 INFO  Log:20 - have selected number of Adults is:-1Adults
2022-07-07 13:32:30 INFO  Log:20 - have selected number of Child is:-1Child
2022-07-07 13:32:30 INFO  Log:20 - have selected number of Infants is:-1Infants
2022-07-07 13:32:30 INFO  Log:20 - The number of pax have selected is:-1Adults,1Child,1Infants
2022-07-07 13:32:30 INFO  Log:20 - clicking on Search Button of flight search page
2022-07-07 13:32:30 INFO  Log:20 - clicked on Search Button of flight search page
2022-07-07 13:32:30 INFO  Log:20 - have select the date as:-25-August 2022
2022-07-07 13:32:30 INFO  Log:20 - Trying to select Return Date
2022-07-07 13:32:30 INFO  Log:20 - clicking on Return Date Calendar
2022-07-07 13:32:31 INFO  Log:20 - clicked on Return Date Calendar
2022-07-07 13:32:31 INFO  Log:20 - getting the title of the Search Results page
2022-07-07 13:32:31 INFO  Log:20 - got the title As By.xpath: //span[text()='Show Incv']
]]></system-out>
    <system-err><![CDATA[SLF4J: Failed to load class "org.slf4j.impl.StaticLoggerBinder".
SLF4J: Defaulting to no-operation (NOP) logger implementation
SLF4J: See http://www.slf4j.org/codes.html#StaticLoggerBinder for further details.
Starting ChromeDriver 103.0.5060.53 (a1711811edd74ff1cf2150f36ffa3b0dae40b17f-refs/branch-heads/5060@{#853}) on port 49521
Only local connections are allowed.
Please see https://chromedriver.chromium.org/security-considerations for suggestions on keeping ChromeDriver safe.
ChromeDriver was started successfully.
Starting ChromeDriver 103.0.5060.53 (a1711811edd74ff1cf2150f36ffa3b0dae40b17f-refs/branch-heads/5060@{#853}) on port 51187
Only local connections are allowed.
Please see https://chromedriver.chromium.org/security-considerations for suggestions on keeping ChromeDriver safe.
ChromeDriver was started successfully.
Jul 07, 2022 1:32:15 PM org.openqa.selenium.remote.ProtocolHandshake createSession
INFO: Detected dialect: W3C
Jul 07, 2022 1:32:15 PM org.openqa.selenium.remote.ProtocolHandshake createSession
INFO: Detected dialect: W3C
Jul 07, 2022 1:32:15 PM org.openqa.selenium.devtools.CdpVersionFinder findNearestMatch
WARNING: Unable to find an exact match for CDP version 103, so returning the closest version found: a no-op implementation
Jul 07, 2022 1:32:15 PM org.openqa.selenium.devtools.CdpVersionFinder findNearestMatch
INFO: Unable to find CDP implementation matching 103.
Jul 07, 2022 1:32:15 PM org.openqa.selenium.chromium.ChromiumDriver lambda$new$3
WARNING: Unable to find version of CDP to use for . You may need to include a dependency on a specific version of the CDP using something similar to `org.seleniumhq.selenium:selenium-devtools-v86:4.0.0` where the version ("v86") matches the version of the chromium-based browser you're using and the version number of the artifact is the same as Selenium's.
Jul 07, 2022 1:32:15 PM org.openqa.selenium.devtools.CdpVersionFinder findNearestMatch
WARNING: Unable to find an exact match for CDP version 103, so returning the closest version found: a no-op implementation
Jul 07, 2022 1:32:15 PM org.openqa.selenium.devtools.CdpVersionFinder findNearestMatch
INFO: Unable to find CDP implementation matching 103.
Jul 07, 2022 1:32:15 PM org.openqa.selenium.chromium.ChromiumDriver lambda$new$3
WARNING: Unable to find version of CDP to use for . You may need to include a dependency on a specific version of the CDP using something similar to `org.seleniumhq.selenium:selenium-devtools-v86:4.0.0` where the version ("v86") matches the version of the chromium-based browser you're using and the version number of the artifact is the same as Selenium's.
]]></system-err>
  </testcase>
  <testcase name="returnTest[org.selenium.pom.objects.FlightSearchPageDataObject@724226c0](1)" classname="org.selenium.pom.tests.MyFirstTestCase" time="18.332">
    <system-out><![CDATA[CURRENT THREAD18,Driver = ChromeDriver: chrome on WINDOWS (41881c7114229f3dcf2c6802fec12243)
2022-07-07 13:32:32 INFO  Log:20 - have select the date as:-27-August 2022
2022-07-07 13:32:32 INFO  Log:20 - Trying to select preferred Airlines
2022-07-07 13:32:32 INFO  Log:20 - clicking on preferred Airlines field
2022-07-07 13:32:32 INFO  Log:20 - clicked on preferred Airlines field
2022-07-07 13:32:32 INFO  Log:20 - have selected preferred Airlines As:-6eAirline
2022-07-07 13:32:33 INFO  Log:20 - click on Enter Button
2022-07-07 13:32:33 INFO  Log:20 - trying to select pax
2022-07-07 13:32:33 INFO  Log:20 - clicking on the select pax
2022-07-07 13:32:33 INFO  Log:20 - clicked on the select pax field
2022-07-07 13:32:34 INFO  Log:20 - have selected number of Adults is:-1Adults
2022-07-07 13:32:34 INFO  Log:20 - have selected number of Child is:-1Child
2022-07-07 13:32:34 INFO  Log:20 - have selected number of Infants is:-1Infants
2022-07-07 13:32:34 INFO  Log:20 - The number of pax have selected is:-1Adults,1Child,1Infants
2022-07-07 13:32:34 INFO  Log:20 - clicking on Search Button of flight search page
2022-07-07 13:32:34 INFO  Log:20 - clicked on Search Button of flight search page
2022-07-07 13:32:35 INFO  Log:20 - getting the title of the Search Results page
2022-07-07 13:32:35 INFO  Log:20 - got the title As By.xpath: //span[text()='Show Incv']
]]></system-out>
  </testcase>
</testsuite>