<?xml version="1.0" encoding="UTF-8"?>
<testng-results ignored="0" total="2" passed="2" failed="0" skipped="0">
  <reporter-output>
  </reporter-output>
  <suite started-at="2022-06-11T08:35:53 IST" name="Suite1" finished-at="2022-06-11T08:36:17 IST" duration-ms="24312">
    <groups>
    </groups>
    <test started-at="2022-06-11T08:35:53 IST" name="Chrome" finished-at="2022-06-11T08:36:11 IST" duration-ms="18042">
      <class name="org.selenium.pom.tests.MyFirstTestCase">
        <test-method is-config="true" signature="startDriver(java.lang.String)[pri:0, instance:org.selenium.pom.tests.MyFirstTestCase@47d90b9e]" started-at="2022-06-11T08:35:53 IST" name="startDriver" finished-at="2022-06-11T08:36:00 IST" duration-ms="7024" status="PASS">
          <params>
            <param index="0">
              <value>
                <![CDATA[CHROME]]>
              </value>
            </param>
          </params>
          <reporter-output>
          </reporter-output>
        </test-method> <!-- startDriver -->
        <test-method signature="apistagingtest()[pri:0, instance:org.selenium.pom.tests.MyFirstTestCase@47d90b9e]" started-at="2022-06-11T08:36:00 IST" name="apistagingtest" finished-at="2022-06-11T08:36:10 IST" duration-ms="10415" status="PASS">
          <reporter-output>
          </reporter-output>
        </test-method> <!-- apistagingtest -->
        <test-method is-config="true" signature="quitDriver()[pri:0, instance:org.selenium.pom.tests.MyFirstTestCase@47d90b9e]" started-at="2022-06-11T08:36:10 IST" name="quitDriver" finished-at="2022-06-11T08:36:11 IST" duration-ms="567" status="PASS">
          <reporter-output>
          </reporter-output>
        </test-method> <!-- quitDriver -->
      </class> <!-- org.selenium.pom.tests.MyFirstTestCase -->
    </test> <!-- Chrome -->
    <test started-at="2022-06-11T08:35:53 IST" name="Firefox" finished-at="2022-06-11T08:36:17 IST" duration-ms="24312">
      <class name="org.selenium.pom.tests.MyFirstTestCase">
        <test-method is-config="true" signature="startDriver(java.lang.String)[pri:0, instance:org.selenium.pom.tests.MyFirstTestCase@3e92efc3]" started-at="2022-06-11T08:35:53 IST" name="startDriver" finished-at="2022-06-11T08:36:07 IST" duration-ms="14001" status="PASS">
          <params>
            <param index="0">
              <value>
                <![CDATA[FIREFOX]]>
              </value>
            </param>
          </params>
          <reporter-output>
          </reporter-output>
        </test-method> <!-- startDriver -->
        <test-method signature="apistagingtest()[pri:0, instance:org.selenium.pom.tests.MyFirstTestCase@3e92efc3]" started-at="2022-06-11T08:36:07 IST" name="apistagingtest" finished-at="2022-06-11T08:36:16 IST" duration-ms="8974" status="PASS">
          <reporter-output>
          </reporter-output>
        </test-method> <!-- apistagingtest -->
        <test-method is-config="true" signature="quitDriver()[pri:0, instance:org.selenium.pom.tests.MyFirstTestCase@3e92efc3]" started-at="2022-06-11T08:36:16 IST" name="quitDriver" finished-at="2022-06-11T08:36:17 IST" duration-ms="1305" status="PASS">
          <reporter-output>
          </reporter-output>
        </test-method> <!-- quitDriver -->
      </class> <!-- org.selenium.pom.tests.MyFirstTestCase -->
    </test> <!-- Firefox -->
  </suite> <!-- Suite1 -->
</testng-results>
